  [1m[35m (100.6ms)[0m  [1m[35mCREATE DATABASE "biddr_api_development" ENCODING = 'unicode'[0m
  [1m[35m (35.4ms)[0m  [1m[35mCREATE DATABASE "biddr_api_test" ENCODING = 'unicode'[0m
  [1m[35m (5.0ms)[0m  [1m[35mCREATE TABLE "schema_migrations" ("version" character varying NOT NULL PRIMARY KEY)[0m
  [1m[35m (3.1ms)[0m  [1m[35mCREATE TABLE "ar_internal_metadata" ("key" character varying NOT NULL PRIMARY KEY, "value" character varying, "created_at" timestamp(6) NOT NULL, "updated_at" timestamp(6) NOT NULL)[0m
  [1m[35m (0.1ms)[0m  [1m[34mSELECT pg_try_advisory_lock(8427587142396744315)[0m
  [1m[35m (0.4ms)[0m  [1m[34mSELECT "schema_migrations"."version" FROM "schema_migrations" ORDER BY "schema_migrations"."version" ASC[0m
Migrating to CreateAuctions (20210226173034)
  [1m[36mTRANSACTION (0.2ms)[0m  [1m[35mBEGIN[0m
  [1m[35m (3.8ms)[0m  [1m[35mCREATE TABLE "auctions" ("id" bigserial primary key, "title" character varying, "body" text, "end_date" timestamp, "reserve_price" float, "created_at" timestamp(6) NOT NULL, "updated_at" timestamp(6) NOT NULL)[0m
  [1m[36mActiveRecord::SchemaMigration Create (0.2ms)[0m  [1m[32mINSERT INTO "schema_migrations" ("version") VALUES ($1) RETURNING "version"[0m  [["version", "20210226173034"]]
  [1m[36mTRANSACTION (0.7ms)[0m  [1m[35mCOMMIT[0m
  [1m[36mActiveRecord::InternalMetadata Load (0.3ms)[0m  [1m[34mSELECT "ar_internal_metadata".* FROM "ar_internal_metadata" WHERE "ar_internal_metadata"."key" = $1 LIMIT $2[0m  [["key", "environment"], ["LIMIT", 1]]
  [1m[36mTRANSACTION (0.2ms)[0m  [1m[35mBEGIN[0m
  [1m[36mActiveRecord::InternalMetadata Create (0.4ms)[0m  [1m[32mINSERT INTO "ar_internal_metadata" ("key", "value", "created_at", "updated_at") VALUES ($1, $2, $3, $4) RETURNING "key"[0m  [["key", "environment"], ["value", "development"], ["created_at", "2021-02-26 17:32:42.258863"], ["updated_at", "2021-02-26 17:32:42.258863"]]
  [1m[36mTRANSACTION (0.5ms)[0m  [1m[35mCOMMIT[0m
  [1m[35m (0.2ms)[0m  [1m[34mSELECT pg_advisory_unlock(8427587142396744315)[0m
  [1m[35m (0.4ms)[0m  [1m[34mSELECT "schema_migrations"."version" FROM "schema_migrations" ORDER BY "schema_migrations"."version" ASC[0m
Started GET "/auctions" for ::1 at 2021-02-26 09:44:05 -0800
  [1m[35m (0.6ms)[0m  [1m[34mSELECT "schema_migrations"."version" FROM "schema_migrations" ORDER BY "schema_migrations"."version" ASC[0m
Processing by AuctionsController#index as HTML
  Rendering layout layouts/application.html.erb
  Rendering auctions/index.html.erb within layouts/application
  [1m[36mAuction Load (1.0ms)[0m  [1m[34mSELECT "auctions".* FROM "auctions" ORDER BY "auctions"."created_at" DESC[0m
  ↳ app/views/auctions/index.html.erb:2
  Rendered auctions/index.html.erb within layouts/application (Duration: 2.6ms | Allocations: 1299)
[Webpacker] Compiling...
[Webpacker] Compiled all packs in /home/manpreet/quiz_3/biddr_api/public/packs
[Webpacker] Hash: e332c6419728fac579d5
Version: webpack 4.46.0
Time: 1220ms
Built at: 2021-02-26 9:44:07 a.m.
                                     Asset       Size       Chunks                         Chunk Names
    js/application-f826770d917d8a37c1d8.js    125 KiB  application  [emitted] [immutable]  application
js/application-f826770d917d8a37c1d8.js.map    139 KiB  application  [emitted] [dev]        application
                             manifest.json  364 bytes               [emitted]              
Entrypoint application = js/application-f826770d917d8a37c1d8.js js/application-f826770d917d8a37c1d8.js.map
[./app/javascript/channels sync recursive _channel\.js$] ./app/javascript/channels sync _channel\.js$ 160 bytes {application} [built]
[./app/javascript/channels/index.js] 211 bytes {application} [built]
[./app/javascript/packs/application.js] 492 bytes {application} [built]
[./node_modules/webpack/buildin/module.js] (webpack)/buildin/module.js 552 bytes {application} [built]
    + 3 hidden modules

  Rendered layout layouts/application.html.erb (Duration: 2971.1ms | Allocations: 12005)
Completed 200 OK in 2986ms (Views: 2973.4ms | ActiveRecord: 3.1ms | Allocations: 17813)


Started GET "/auctions" for ::1 at 2021-02-26 09:44:08 -0800
Processing by AuctionsController#index as HTML
  Rendering layout layouts/application.html.erb
  Rendering auctions/index.html.erb within layouts/application
  [1m[36mAuction Load (0.8ms)[0m  [1m[34mSELECT "auctions".* FROM "auctions" ORDER BY "auctions"."created_at" DESC[0m
  ↳ app/views/auctions/index.html.erb:2
  Rendered auctions/index.html.erb within layouts/application (Duration: 1.6ms | Allocations: 708)
[Webpacker] Everything's up-to-date. Nothing to do
  Rendered layout layouts/application.html.erb (Duration: 10.3ms | Allocations: 4747)
Completed 200 OK in 12ms (Views: 10.4ms | ActiveRecord: 0.8ms | Allocations: 5312)


Started GET "/auctions/new" for ::1 at 2021-02-26 09:44:12 -0800
Processing by AuctionsController#new as HTML
  Rendering layout layouts/application.html.erb
  Rendering auctions/new.html.erb within layouts/application
  Rendered auctions/new.html.erb within layouts/application (Duration: 15.3ms | Allocations: 5791)
[Webpacker] Everything's up-to-date. Nothing to do
  Rendered layout layouts/application.html.erb (Duration: 18.7ms | Allocations: 8526)
Completed 200 OK in 28ms (Views: 19.2ms | ActiveRecord: 2.3ms | Allocations: 12732)


Started GET "/auctions/new" for ::1 at 2021-02-26 09:44:13 -0800
Processing by AuctionsController#new as HTML
  Rendering layout layouts/application.html.erb
  Rendering auctions/new.html.erb within layouts/application
  Rendered auctions/new.html.erb within layouts/application (Duration: 2.8ms | Allocations: 1055)
[Webpacker] Everything's up-to-date. Nothing to do
  Rendered layout layouts/application.html.erb (Duration: 13.8ms | Allocations: 3795)
Completed 200 OK in 16ms (Views: 14.5ms | ActiveRecord: 0.0ms | Allocations: 4258)


Started POST "/auctions" for ::1 at 2021-02-26 09:45:10 -0800
Processing by AuctionsController#create as HTML
  Parameters: {"authenticity_token"=>"[FILTERED]", "auction"=>{"title"=>"hp pavilion laptop", "body"=>"10th generation hp laptop on sale..with linux installed on it..core i7 processor.", "end_date"=>"2021-03-04", "reserve_price"=>"699"}, "commit"=>"Create Auction"}
  [1m[36mTRANSACTION (2.0ms)[0m  [1m[35mBEGIN[0m
  ↳ app/controllers/auctions_controller.rb:14:in `create'
  [1m[36mAuction Create (1.9ms)[0m  [1m[32mINSERT INTO "auctions" ("title", "body", "end_date", "reserve_price", "created_at", "updated_at") VALUES ($1, $2, $3, $4, $5, $6) RETURNING "id"[0m  [["title", "hp pavilion laptop"], ["body", "10th generation hp laptop on sale..with linux installed on it..core i7 processor."], ["end_date", "2021-03-04 00:00:00"], ["reserve_price", 699.0], ["created_at", "2021-02-26 17:45:10.222229"], ["updated_at", "2021-02-26 17:45:10.222229"]]
  ↳ app/controllers/auctions_controller.rb:14:in `create'
  [1m[36mTRANSACTION (1.5ms)[0m  [1m[35mCOMMIT[0m
  ↳ app/controllers/auctions_controller.rb:14:in `create'
Redirected to http://localhost:3000/auctions/1
Completed 302 Found in 26ms (ActiveRecord: 5.3ms | Allocations: 3628)


Started GET "/auctions/1" for ::1 at 2021-02-26 09:45:10 -0800
Processing by AuctionsController#show as HTML
  Parameters: {"id"=>"1"}
  Rendering layout layouts/application.html.erb
  Rendering auctions/show.html.erb within layouts/application
  Rendered auctions/show.html.erb within layouts/application (Duration: 8.2ms | Allocations: 4266)
  Rendered layout layouts/application.html.erb (Duration: 8.4ms | Allocations: 4335)
Completed 500 Internal Server Error in 10ms (ActiveRecord: 0.0ms | Allocations: 4899)


  
ActionView::Template::Error (undefined method `title' for nil:NilClass):
    1: <h1><%= @auction.title %></h1>
    2: <p><%= @auction.body %></p>
    3: <p>Current Price: $ <%= @auction.reserve_price %></p>
    4: <p>Ends at: <%= @auction.end_date %></p>
  
app/views/auctions/show.html.erb:1
Started GET "/auctions/" for ::1 at 2021-02-26 09:49:53 -0800
Processing by AuctionsController#index as HTML
  Rendering layout layouts/application.html.erb
  Rendering auctions/index.html.erb within layouts/application
  [1m[36mAuction Load (1.3ms)[0m  [1m[34mSELECT "auctions".* FROM "auctions" ORDER BY "auctions"."created_at" DESC[0m
  ↳ app/views/auctions/index.html.erb:2
  Rendered auctions/index.html.erb within layouts/application (Duration: 3.2ms | Allocations: 807)
[Webpacker] Everything's up-to-date. Nothing to do
  Rendered layout layouts/application.html.erb (Duration: 8.1ms | Allocations: 3560)
Completed 200 OK in 10ms (Views: 7.4ms | ActiveRecord: 1.3ms | Allocations: 4172)


Started GET "/auctions/1" for ::1 at 2021-02-26 09:50:02 -0800
Processing by AuctionsController#show as HTML
  Parameters: {"id"=>"1"}
  Rendering layout layouts/application.html.erb
  Rendering auctions/show.html.erb within layouts/application
  Rendered auctions/show.html.erb within layouts/application (Duration: 4.2ms | Allocations: 1404)
  Rendered layout layouts/application.html.erb (Duration: 4.9ms | Allocations: 1473)
Completed 500 Internal Server Error in 8ms (ActiveRecord: 0.0ms | Allocations: 1895)


  
ActionView::Template::Error (undefined method `title' for nil:NilClass):
    1: <h1><%= @auction.title %></h1>
    2: <p><%= @auction.body %></p>
    3: <p>Current Price: $ <%= @auction.reserve_price %></p>
    4: <p>Ends at: <%= @auction.end_date %></p>
  
app/views/auctions/show.html.erb:1
  [1m[35m (0.1ms)[0m  [1m[34mSELECT pg_try_advisory_lock(8427587142396744315)[0m
  [1m[35m (0.4ms)[0m  [1m[34mSELECT "schema_migrations"."version" FROM "schema_migrations" ORDER BY "schema_migrations"."version" ASC[0m
Migrating to CreateBids (20210226175439)
  [1m[36mTRANSACTION (0.1ms)[0m  [1m[35mBEGIN[0m
  [1m[35m (3.0ms)[0m  [1m[35mCREATE TABLE "bids" ("id" bigserial primary key, "price" float, "auction_id" bigint, "created_at" timestamp(6) NOT NULL, "updated_at" timestamp(6) NOT NULL, CONSTRAINT "fk_rails_7332d1a025"
FOREIGN KEY ("auction_id")
  REFERENCES "auctions" ("id")
)[0m
  [1m[35m (1.4ms)[0m  [1m[35mCREATE INDEX "index_bids_on_auction_id" ON "bids" ("auction_id")[0m
  [1m[36mActiveRecord::SchemaMigration Create (0.2ms)[0m  [1m[32mINSERT INTO "schema_migrations" ("version") VALUES ($1) RETURNING "version"[0m  [["version", "20210226175439"]]
  [1m[36mTRANSACTION (0.6ms)[0m  [1m[35mCOMMIT[0m
  [1m[36mActiveRecord::InternalMetadata Load (0.3ms)[0m  [1m[34mSELECT "ar_internal_metadata".* FROM "ar_internal_metadata" WHERE "ar_internal_metadata"."key" = $1 LIMIT $2[0m  [["key", "environment"], ["LIMIT", 1]]
  [1m[35m (0.2ms)[0m  [1m[34mSELECT pg_advisory_unlock(8427587142396744315)[0m
  [1m[35m (0.4ms)[0m  [1m[34mSELECT "schema_migrations"."version" FROM "schema_migrations" ORDER BY "schema_migrations"."version" ASC[0m
Started GET "/auctions" for ::1 at 2021-02-26 09:57:24 -0800
  [1m[35m (0.7ms)[0m  [1m[34mSELECT "schema_migrations"."version" FROM "schema_migrations" ORDER BY "schema_migrations"."version" ASC[0m
Processing by AuctionsController#index as HTML
  Rendering layout layouts/application.html.erb
  Rendering auctions/index.html.erb within layouts/application
  [1m[36mAuction Load (0.9ms)[0m  [1m[34mSELECT "auctions".* FROM "auctions" ORDER BY "auctions"."created_at" DESC[0m
  ↳ app/views/auctions/index.html.erb:2
  Rendered auctions/index.html.erb within layouts/application (Duration: 7.8ms | Allocations: 4927)
[Webpacker] Everything's up-to-date. Nothing to do
  Rendered layout layouts/application.html.erb (Duration: 13.9ms | Allocations: 9802)
Completed 200 OK in 24ms (Views: 12.9ms | ActiveRecord: 4.5ms | Allocations: 14657)


Started GET "/auctions/1" for ::1 at 2021-02-26 09:57:27 -0800
Processing by AuctionsController#show as HTML
  Parameters: {"id"=>"1"}
Completed 404 Not Found in 2ms (ActiveRecord: 0.0ms | Allocations: 954)


  
ActiveRecord::RecordNotFound (Couldn't find Auction without an ID):
  
app/controllers/auctions_controller.rb:7:in `show'
Started GET "/auctions/1" for ::1 at 2021-02-26 09:58:17 -0800
Processing by AuctionsController#show as HTML
  Parameters: {"id"=>"1"}
  [1m[36mAuction Load (0.6ms)[0m  [1m[34mSELECT "auctions".* FROM "auctions" WHERE "auctions"."id" = $1 LIMIT $2[0m  [["id", 1], ["LIMIT", 1]]
  ↳ app/controllers/auctions_controller.rb:7:in `show'
  Rendering layout layouts/application.html.erb
  Rendering auctions/show.html.erb within layouts/application
  Rendered auctions/show.html.erb within layouts/application (Duration: 1.7ms | Allocations: 1340)
[Webpacker] Everything's up-to-date. Nothing to do
  Rendered layout layouts/application.html.erb (Duration: 4.8ms | Allocations: 4123)
Completed 200 OK in 17ms (Views: 5.5ms | ActiveRecord: 4.4ms | Allocations: 10381)


Started GET "/auctions/" for ::1 at 2021-02-26 10:06:13 -0800
  
SyntaxError (/home/manpreet/quiz_3/biddr_api/config/routes.rb:5: syntax error, unexpected end-of-input, expecting `end'):
  
config/routes.rb:5: syntax error, unexpected end-of-input, expecting `end'
config/routes.rb:5: syntax error, unexpected end-of-input, expecting `end'
config/routes.rb:5: syntax error, unexpected end-of-input, expecting `end'
Started GET "/auctions/" for ::1 at 2021-02-26 10:06:35 -0800
Processing by AuctionsController#index as HTML
  Rendering layout layouts/application.html.erb
  Rendering auctions/index.html.erb within layouts/application
  [1m[36mAuction Load (1.0ms)[0m  [1m[34mSELECT "auctions".* FROM "auctions" ORDER BY "auctions"."created_at" DESC[0m
  ↳ app/views/auctions/index.html.erb:2
  Rendered auctions/index.html.erb within layouts/application (Duration: 5.6ms | Allocations: 3741)
[Webpacker] Everything's up-to-date. Nothing to do
  Rendered layout layouts/application.html.erb (Duration: 9.5ms | Allocations: 6692)
Completed 200 OK in 23ms (Views: 9.6ms | ActiveRecord: 6.3ms | Allocations: 13129)


Started GET "/auctions/1" for ::1 at 2021-02-26 10:06:37 -0800
Processing by AuctionsController#show as HTML
  Parameters: {"id"=>"1"}
  [1m[36mAuction Load (0.7ms)[0m  [1m[34mSELECT "auctions".* FROM "auctions" WHERE "auctions"."id" = $1 LIMIT $2[0m  [["id", 1], ["LIMIT", 1]]
  ↳ app/controllers/auctions_controller.rb:30:in `find_auction'
  Rendering layout layouts/application.html.erb
  Rendering auctions/show.html.erb within layouts/application
  [1m[36mBid Load (1.2ms)[0m  [1m[34mSELECT "bids".* FROM "bids" WHERE "bids"."auction_id" = $1 ORDER BY "bids"."price" DESC[0m  [["auction_id", 1]]
  ↳ app/views/auctions/show.html.erb:30
  Rendered auctions/show.html.erb within layouts/application (Duration: 7.0ms | Allocations: 2455)
[Webpacker] Everything's up-to-date. Nothing to do
  Rendered layout layouts/application.html.erb (Duration: 9.9ms | Allocations: 5127)
Completed 200 OK in 43ms (Views: 9.2ms | ActiveRecord: 7.6ms | Allocations: 15065)


Started POST "/auctions/1/bids" for ::1 at 2021-02-26 10:07:03 -0800
Processing by BidsController#create as HTML
  Parameters: {"authenticity_token"=>"[FILTERED]", "bid"=>{"price"=>"715"}, "commit"=>"bid", "auction_id"=>"1"}
  [1m[36mAuction Load (0.9ms)[0m  [1m[34mSELECT "auctions".* FROM "auctions" WHERE "auctions"."id" = $1 LIMIT $2[0m  [["id", 1], ["LIMIT", 1]]
  ↳ app/controllers/bids_controller.rb:4:in `create'
  [1m[36mTRANSACTION (1.0ms)[0m  [1m[35mBEGIN[0m
  ↳ app/controllers/bids_controller.rb:7:in `create'
  [1m[36mBid Create (1.1ms)[0m  [1m[32mINSERT INTO "bids" ("price", "auction_id", "created_at", "updated_at") VALUES ($1, $2, $3, $4) RETURNING "id"[0m  [["price", 715.0], ["auction_id", 1], ["created_at", "2021-02-26 18:07:03.865226"], ["updated_at", "2021-02-26 18:07:03.865226"]]
  ↳ app/controllers/bids_controller.rb:7:in `create'
  [1m[36mTRANSACTION (1.0ms)[0m  [1m[35mCOMMIT[0m
  ↳ app/controllers/bids_controller.rb:7:in `create'
Redirected to http://localhost:3000/auctions/1
Completed 302 Found in 16ms (ActiveRecord: 4.1ms | Allocations: 4979)


Started GET "/auctions/1" for ::1 at 2021-02-26 10:07:03 -0800
Processing by AuctionsController#show as HTML
  Parameters: {"id"=>"1"}
  [1m[36mAuction Load (0.8ms)[0m  [1m[34mSELECT "auctions".* FROM "auctions" WHERE "auctions"."id" = $1 LIMIT $2[0m  [["id", 1], ["LIMIT", 1]]
  ↳ app/controllers/auctions_controller.rb:30:in `find_auction'
  Rendering layout layouts/application.html.erb
  Rendering auctions/show.html.erb within layouts/application
  [1m[36mBid Load (0.7ms)[0m  [1m[34mSELECT "bids".* FROM "bids" WHERE "bids"."auction_id" = $1 ORDER BY "bids"."price" DESC[0m  [["auction_id", 1]]
  ↳ app/views/auctions/show.html.erb:30
  [1m[36mCACHE Bid Load (0.0ms)[0m  [1m[34mSELECT "bids".* FROM "bids" WHERE "bids"."auction_id" = $1 ORDER BY "bids"."price" DESC[0m  [["auction_id", 1]]
  ↳ app/views/auctions/show.html.erb:31
  Rendered auctions/show.html.erb within layouts/application (Duration: 3.6ms | Allocations: 1633)
[Webpacker] Everything's up-to-date. Nothing to do
  Rendered layout layouts/application.html.erb (Duration: 7.2ms | Allocations: 4375)
Completed 200 OK in 11ms (Views: 6.9ms | ActiveRecord: 1.6ms | Allocations: 5717)


Started GET "/auctions/1" for ::1 at 2021-02-26 10:08:01 -0800
Processing by AuctionsController#show as HTML
  Parameters: {"id"=>"1"}
  [1m[36mAuction Load (3.2ms)[0m  [1m[34mSELECT "auctions".* FROM "auctions" WHERE "auctions"."id" = $1 LIMIT $2[0m  [["id", 1], ["LIMIT", 1]]
  ↳ app/controllers/auctions_controller.rb:30:in `find_auction'
  Rendering layout layouts/application.html.erb
  Rendering auctions/show.html.erb within layouts/application
  [1m[36mBid Load (1.4ms)[0m  [1m[34mSELECT "bids".* FROM "bids" WHERE "bids"."auction_id" = $1 ORDER BY "bids"."price" DESC[0m  [["auction_id", 1]]
  ↳ app/views/auctions/show.html.erb:31
  [1m[36mCACHE Bid Load (0.0ms)[0m  [1m[34mSELECT "bids".* FROM "bids" WHERE "bids"."auction_id" = $1 ORDER BY "bids"."price" DESC[0m  [["auction_id", 1]]
  ↳ app/views/auctions/show.html.erb:32
  Rendered auctions/show.html.erb within layouts/application (Duration: 6.2ms | Allocations: 2021)
[Webpacker] Everything's up-to-date. Nothing to do
  Rendered layout layouts/application.html.erb (Duration: 11.3ms | Allocations: 4984)
Completed 200 OK in 29ms (Views: 13.2ms | ActiveRecord: 4.7ms | Allocations: 7089)


Started GET "/auctions/1" for ::1 at 2021-02-26 10:08:37 -0800
Processing by AuctionsController#show as HTML
  Parameters: {"id"=>"1"}
  [1m[36mAuction Load (0.9ms)[0m  [1m[34mSELECT "auctions".* FROM "auctions" WHERE "auctions"."id" = $1 LIMIT $2[0m  [["id", 1], ["LIMIT", 1]]
  ↳ app/controllers/auctions_controller.rb:30:in `find_auction'
  Rendering layout layouts/application.html.erb
  Rendering auctions/show.html.erb within layouts/application
  [1m[36mBid Load (0.7ms)[0m  [1m[34mSELECT "bids".* FROM "bids" WHERE "bids"."auction_id" = $1 ORDER BY "bids"."price" DESC[0m  [["auction_id", 1]]
  ↳ app/views/auctions/show.html.erb:32
  [1m[36mCACHE Bid Load (0.0ms)[0m  [1m[34mSELECT "bids".* FROM "bids" WHERE "bids"."auction_id" = $1 ORDER BY "bids"."price" DESC[0m  [["auction_id", 1]]
  ↳ app/views/auctions/show.html.erb:33
  Rendered auctions/show.html.erb within layouts/application (Duration: 3.5ms | Allocations: 2020)
[Webpacker] Everything's up-to-date. Nothing to do
  Rendered layout layouts/application.html.erb (Duration: 7.4ms | Allocations: 4983)
Completed 200 OK in 12ms (Views: 7.7ms | ActiveRecord: 1.6ms | Allocations: 7095)


